{"/Users/joezeiad/Desktop/Workspace/BloomPin/.eslintrc.js": {"path":"/Users/joezeiad/Desktop/Workspace/BloomPin/.eslintrc.js","statementMap":{"0":{"start":{"line":1,"column":0},"end":{"line":56,"column":2}}},"fnMap":{},"branchMap":{},"s":{"0":0},"f":{},"b":{}}
,"/Users/joezeiad/Desktop/Workspace/BloomPin/App.tsx": {"path":"/Users/joezeiad/Desktop/Workspace/BloomPin/App.tsx","statementMap":{"0":{"start":{"line":9,"column":29},"end":{"line":21,"column":1}},"1":{"start":{"line":10,"column":22},"end":{"line":10,"column":39}},"2":{"start":{"line":11,"column":2},"end":{"line":20,"column":4}}},"fnMap":{"0":{"name":"(anonymous_0)","decl":{"start":{"line":9,"column":29},"end":{"line":9,"column":30}},"loc":{"start":{"line":9,"column":35},"end":{"line":21,"column":1}},"line":9}},"branchMap":{},"s":{"0":0,"1":0,"2":0},"f":{"0":0},"b":{}}
,"/Users/joezeiad/Desktop/Workspace/BloomPin/jest.config.js": {"path":"/Users/joezeiad/Desktop/Workspace/BloomPin/jest.config.js","statementMap":{"0":{"start":{"line":1,"column":0},"end":{"line":15,"column":2}}},"fnMap":{},"branchMap":{},"s":{"0":0},"f":{},"b":{}}
,"/Users/joezeiad/Desktop/Workspace/BloomPin/types.tsx": {"path":"/Users/joezeiad/Desktop/Workspace/BloomPin/types.tsx","statementMap":{},"fnMap":{},"branchMap":{},"s":{},"f":{},"b":{}}
,"/Users/joezeiad/Desktop/Workspace/BloomPin/components/numberPad/NumberPad.tsx": {"path":"/Users/joezeiad/Desktop/Workspace/BloomPin/components/numberPad/NumberPad.tsx","statementMap":{"0":{"start":{"line":15,"column":53},"end":{"line":27,"column":1}},"1":{"start":{"line":16,"column":2},"end":{"line":26,"column":4}},"2":{"start":{"line":20,"column":10},"end":{"line":22,"column":22}},"3":{"start":{"line":20,"column":70},"end":{"line":20,"column":90}}},"fnMap":{"0":{"name":"(anonymous_0)","decl":{"start":{"line":15,"column":53},"end":{"line":15,"column":54}},"loc":{"start":{"line":15,"column":78},"end":{"line":27,"column":1}},"line":15},"1":{"name":"(anonymous_1)","decl":{"start":{"line":19,"column":20},"end":{"line":19,"column":21}},"loc":{"start":{"line":20,"column":10},"end":{"line":22,"column":22}},"line":20},"2":{"name":"(anonymous_2)","decl":{"start":{"line":20,"column":64},"end":{"line":20,"column":65}},"loc":{"start":{"line":20,"column":70},"end":{"line":20,"column":90}},"line":20}},"branchMap":{},"s":{"0":0,"1":0,"2":0,"3":0},"f":{"0":0,"1":0,"2":0},"b":{}}
,"/Users/joezeiad/Desktop/Workspace/BloomPin/components/numberPad/NumberPadStyled.ts": {"path":"/Users/joezeiad/Desktop/Workspace/BloomPin/components/numberPad/NumberPadStyled.ts","statementMap":{"0":{"start":{"line":3,"column":25},"end":{"line":11,"column":1}},"1":{"start":{"line":12,"column":26},"end":{"line":15,"column":1}},"2":{"start":{"line":16,"column":31},"end":{"line":24,"column":1}},"3":{"start":{"line":25,"column":25},"end":{"line":28,"column":1}}},"fnMap":{},"branchMap":{},"s":{"0":0,"1":0,"2":0,"3":0},"f":{},"b":{}}
,"/Users/joezeiad/Desktop/Workspace/BloomPin/components/shared/index.tsx": {"path":"/Users/joezeiad/Desktop/Workspace/BloomPin/components/shared/index.tsx","statementMap":{"0":{"start":{"line":8,"column":24},"end":{"line":13,"column":1}},"1":{"start":{"line":11,"column":31},"end":{"line":11,"column":63}},"2":{"start":{"line":12,"column":26},"end":{"line":12,"column":48}},"3":{"start":{"line":15,"column":25},"end":{"line":19,"column":1}},"4":{"start":{"line":16,"column":20},"end":{"line":16,"column":47}},"5":{"start":{"line":18,"column":26},"end":{"line":18,"column":39}},"6":{"start":{"line":20,"column":25},"end":{"line":25,"column":1}},"7":{"start":{"line":26,"column":30},"end":{"line":32,"column":1}},"8":{"start":{"line":27,"column":2},"end":{"line":31,"column":4}},"9":{"start":{"line":34,"column":34},"end":{"line":34,"column":73}},"10":{"start":{"line":34,"column":43},"end":{"line":34,"column":73}},"11":{"start":{"line":41,"column":50},"end":{"line":45,"column":1}},"12":{"start":{"line":42,"column":2},"end":{"line":44,"column":14}}},"fnMap":{"0":{"name":"(anonymous_0)","decl":{"start":{"line":11,"column":22},"end":{"line":11,"column":23}},"loc":{"start":{"line":11,"column":31},"end":{"line":11,"column":63}},"line":11},"1":{"name":"(anonymous_1)","decl":{"start":{"line":12,"column":17},"end":{"line":12,"column":18}},"loc":{"start":{"line":12,"column":26},"end":{"line":12,"column":48}},"line":12},"2":{"name":"(anonymous_2)","decl":{"start":{"line":16,"column":11},"end":{"line":16,"column":12}},"loc":{"start":{"line":16,"column":20},"end":{"line":16,"column":47}},"line":16},"3":{"name":"(anonymous_3)","decl":{"start":{"line":18,"column":17},"end":{"line":18,"column":18}},"loc":{"start":{"line":18,"column":26},"end":{"line":18,"column":39}},"line":18},"4":{"name":"(anonymous_4)","decl":{"start":{"line":26,"column":30},"end":{"line":26,"column":31}},"loc":{"start":{"line":27,"column":2},"end":{"line":31,"column":4}},"line":27},"5":{"name":"(anonymous_5)","decl":{"start":{"line":34,"column":34},"end":{"line":34,"column":35}},"loc":{"start":{"line":34,"column":43},"end":{"line":34,"column":73}},"line":34},"6":{"name":"(anonymous_6)","decl":{"start":{"line":41,"column":50},"end":{"line":41,"column":51}},"loc":{"start":{"line":42,"column":2},"end":{"line":44,"column":14}},"line":42}},"branchMap":{"0":{"loc":{"start":{"line":11,"column":31},"end":{"line":11,"column":63}},"type":"binary-expr","locations":[{"start":{"line":11,"column":31},"end":{"line":11,"column":47}},{"start":{"line":11,"column":51},"end":{"line":11,"column":63}}],"line":11},"1":{"loc":{"start":{"line":12,"column":26},"end":{"line":12,"column":48}},"type":"binary-expr","locations":[{"start":{"line":12,"column":26},"end":{"line":12,"column":42}},{"start":{"line":12,"column":46},"end":{"line":12,"column":48}}],"line":12},"2":{"loc":{"start":{"line":16,"column":20},"end":{"line":16,"column":47}},"type":"binary-expr","locations":[{"start":{"line":16,"column":20},"end":{"line":16,"column":31}},{"start":{"line":16,"column":35},"end":{"line":16,"column":47}}],"line":16},"3":{"loc":{"start":{"line":18,"column":26},"end":{"line":18,"column":39}},"type":"binary-expr","locations":[{"start":{"line":18,"column":26},"end":{"line":18,"column":34}},{"start":{"line":18,"column":38},"end":{"line":18,"column":39}}],"line":18}},"s":{"0":0,"1":0,"2":0,"3":0,"4":0,"5":0,"6":0,"7":0,"8":0,"9":0,"10":0,"11":0,"12":0},"f":{"0":0,"1":0,"2":0,"3":0,"4":0,"5":0,"6":0},"b":{"0":[0,0],"1":[0,0],"2":[0,0],"3":[0,0]}}
,"/Users/joezeiad/Desktop/Workspace/BloomPin/constants/Colors.ts": {"path":"/Users/joezeiad/Desktop/Workspace/BloomPin/constants/Colors.ts","statementMap":{},"fnMap":{},"branchMap":{},"s":{},"f":{},"b":{}}
,"/Users/joezeiad/Desktop/Workspace/BloomPin/constants/Layout.ts": {"path":"/Users/joezeiad/Desktop/Workspace/BloomPin/constants/Layout.ts","statementMap":{"0":{"start":{"line":3,"column":18},"end":{"line":3,"column":42}},"1":{"start":{"line":4,"column":19},"end":{"line":4,"column":43}}},"fnMap":{},"branchMap":{},"s":{"0":0,"1":0},"f":{},"b":{}}
,"/Users/joezeiad/Desktop/Workspace/BloomPin/features/index.tsx": {"path":"/Users/joezeiad/Desktop/Workspace/BloomPin/features/index.tsx","statementMap":{},"fnMap":{},"branchMap":{},"s":{},"f":{},"b":{}}
,"/Users/joezeiad/Desktop/Workspace/BloomPin/features/home/LogoutScreen.tsx": {"path":"/Users/joezeiad/Desktop/Workspace/BloomPin/features/home/LogoutScreen.tsx","statementMap":{"0":{"start":{"line":7,"column":36},"end":{"line":23,"column":1}},"1":{"start":{"line":8,"column":22},"end":{"line":8,"column":40}},"2":{"start":{"line":9,"column":17},"end":{"line":9,"column":57}},"3":{"start":{"line":9,"column":35},"end":{"line":9,"column":56}},"4":{"start":{"line":11,"column":23},"end":{"line":14,"column":3}},"5":{"start":{"line":12,"column":4},"end":{"line":12,"column":20}},"6":{"start":{"line":13,"column":4},"end":{"line":13,"column":14}},"7":{"start":{"line":16,"column":2},"end":{"line":22,"column":4}}},"fnMap":{"0":{"name":"(anonymous_0)","decl":{"start":{"line":7,"column":36},"end":{"line":7,"column":37}},"loc":{"start":{"line":7,"column":42},"end":{"line":23,"column":1}},"line":7},"1":{"name":"(anonymous_1)","decl":{"start":{"line":9,"column":29},"end":{"line":9,"column":30}},"loc":{"start":{"line":9,"column":35},"end":{"line":9,"column":56}},"line":9},"2":{"name":"(anonymous_2)","decl":{"start":{"line":11,"column":23},"end":{"line":11,"column":24}},"loc":{"start":{"line":11,"column":29},"end":{"line":14,"column":3}},"line":11}},"branchMap":{},"s":{"0":0,"1":0,"2":0,"3":0,"4":0,"5":0,"6":0,"7":0},"f":{"0":0,"1":0,"2":0},"b":{}}
,"/Users/joezeiad/Desktop/Workspace/BloomPin/features/home/LogoutStyled.tsx": {"path":"/Users/joezeiad/Desktop/Workspace/BloomPin/features/home/LogoutStyled.tsx","statementMap":{"0":{"start":{"line":3,"column":25},"end":{"line":7,"column":1}},"1":{"start":{"line":8,"column":27},"end":{"line":10,"column":1}},"2":{"start":{"line":11,"column":28},"end":{"line":17,"column":1}}},"fnMap":{},"branchMap":{},"s":{"0":0,"1":0,"2":0},"f":{},"b":{}}
,"/Users/joezeiad/Desktop/Workspace/BloomPin/features/lockScreen/LockScreen.tsx": {"path":"/Users/joezeiad/Desktop/Workspace/BloomPin/features/lockScreen/LockScreen.tsx","statementMap":{"0":{"start":{"line":13,"column":36},"end":{"line":93,"column":1}},"1":{"start":{"line":14,"column":32},"end":{"line":14,"column":49}},"2":{"start":{"line":15,"column":21},"end":{"line":15,"column":39}},"3":{"start":{"line":16,"column":16},"end":{"line":16,"column":47}},"4":{"start":{"line":18,"column":30},"end":{"line":20,"column":3}},"5":{"start":{"line":19,"column":4},"end":{"line":19,"column":33}},"6":{"start":{"line":22,"column":31},"end":{"line":30,"column":23}},"7":{"start":{"line":23,"column":30},"end":{"line":23,"column":46}},"8":{"start":{"line":24,"column":4},"end":{"line":28,"column":5}},"9":{"start":{"line":25,"column":6},"end":{"line":25,"column":60}},"10":{"start":{"line":26,"column":19},"end":{"line":26,"column":61}},"11":{"start":{"line":27,"column":6},"end":{"line":27,"column":19}},"12":{"start":{"line":29,"column":4},"end":{"line":29,"column":26}},"13":{"start":{"line":32,"column":2},"end":{"line":43,"column":16}},"14":{"start":{"line":33,"column":4},"end":{"line":42,"column":9}},"15":{"start":{"line":34,"column":6},"end":{"line":41,"column":7}},"16":{"start":{"line":35,"column":8},"end":{"line":37,"column":9}},"17":{"start":{"line":36,"column":10},"end":{"line":36,"column":39}},"18":{"start":{"line":39,"column":8},"end":{"line":39,"column":27}},"19":{"start":{"line":40,"column":8},"end":{"line":40,"column":30}},"20":{"start":{"line":45,"column":24},"end":{"line":56,"column":3}},"21":{"start":{"line":46,"column":21},"end":{"line":46,"column":33}},"22":{"start":{"line":47,"column":4},"end":{"line":54,"column":5}},"23":{"start":{"line":47,"column":17},"end":{"line":47,"column":18}},"24":{"start":{"line":48,"column":6},"end":{"line":53,"column":7}},"25":{"start":{"line":49,"column":8},"end":{"line":49,"column":29}},"26":{"start":{"line":50,"column":8},"end":{"line":50,"column":14}},"27":{"start":{"line":52,"column":8},"end":{"line":52,"column":17}},"28":{"start":{"line":55,"column":4},"end":{"line":55,"column":25}},"29":{"start":{"line":57,"column":2},"end":{"line":92,"column":4}},"30":{"start":{"line":62,"column":12},"end":{"line":86,"column":30}},"31":{"start":{"line":70,"column":22},"end":{"line":72,"column":23}},"32":{"start":{"line":71,"column":24},"end":{"line":71,"column":35}},"33":{"start":{"line":73,"column":22},"end":{"line":73,"column":34}},"34":{"start":{"line":76,"column":22},"end":{"line":76,"column":86}}},"fnMap":{"0":{"name":"(anonymous_0)","decl":{"start":{"line":13,"column":36},"end":{"line":13,"column":37}},"loc":{"start":{"line":13,"column":42},"end":{"line":93,"column":1}},"line":13},"1":{"name":"(anonymous_1)","decl":{"start":{"line":18,"column":30},"end":{"line":18,"column":31}},"loc":{"start":{"line":18,"column":36},"end":{"line":20,"column":3}},"line":18},"2":{"name":"(anonymous_2)","decl":{"start":{"line":22,"column":43},"end":{"line":22,"column":44}},"loc":{"start":{"line":22,"column":55},"end":{"line":30,"column":3}},"line":22},"3":{"name":"(anonymous_3)","decl":{"start":{"line":32,"column":12},"end":{"line":32,"column":13}},"loc":{"start":{"line":32,"column":18},"end":{"line":43,"column":3}},"line":32},"4":{"name":"(anonymous_4)","decl":{"start":{"line":33,"column":5},"end":{"line":33,"column":6}},"loc":{"start":{"line":33,"column":23},"end":{"line":42,"column":5}},"line":33},"5":{"name":"(anonymous_5)","decl":{"start":{"line":45,"column":24},"end":{"line":45,"column":25}},"loc":{"start":{"line":45,"column":44},"end":{"line":56,"column":3}},"line":45},"6":{"name":"(anonymous_6)","decl":{"start":{"line":61,"column":23},"end":{"line":61,"column":24}},"loc":{"start":{"line":62,"column":12},"end":{"line":86,"column":30}},"line":62},"7":{"name":"(anonymous_7)","decl":{"start":{"line":69,"column":25},"end":{"line":69,"column":26}},"loc":{"start":{"line":69,"column":40},"end":{"line":74,"column":21}},"line":69},"8":{"name":"(anonymous_8)","decl":{"start":{"line":75,"column":25},"end":{"line":75,"column":26}},"loc":{"start":{"line":75,"column":40},"end":{"line":77,"column":21}},"line":75}},"branchMap":{"0":{"loc":{"start":{"line":24,"column":4},"end":{"line":28,"column":5}},"type":"if","locations":[{"start":{"line":24,"column":4},"end":{"line":28,"column":5}},{"start":{},"end":{}}],"line":24},"1":{"loc":{"start":{"line":35,"column":8},"end":{"line":37,"column":9}},"type":"if","locations":[{"start":{"line":35,"column":8},"end":{"line":37,"column":9}},{"start":{},"end":{}}],"line":35},"2":{"loc":{"start":{"line":48,"column":6},"end":{"line":53,"column":7}},"type":"if","locations":[{"start":{"line":48,"column":6},"end":{"line":53,"column":7}},{"start":{"line":51,"column":13},"end":{"line":53,"column":7}}],"line":48},"3":{"loc":{"start":{"line":70,"column":22},"end":{"line":72,"column":23}},"type":"if","locations":[{"start":{"line":70,"column":22},"end":{"line":72,"column":23}},{"start":{},"end":{}}],"line":70},"4":{"loc":{"start":{"line":76,"column":29},"end":{"line":76,"column":85}},"type":"cond-expr","locations":[{"start":{"line":76,"column":75},"end":{"line":76,"column":78}},{"start":{"line":76,"column":81},"end":{"line":76,"column":85}}],"line":76}},"s":{"0":0,"1":0,"2":0,"3":0,"4":0,"5":0,"6":0,"7":0,"8":0,"9":0,"10":0,"11":0,"12":0,"13":0,"14":0,"15":0,"16":0,"17":0,"18":0,"19":0,"20":0,"21":0,"22":0,"23":0,"24":0,"25":0,"26":0,"27":0,"28":0,"29":0,"30":0,"31":0,"32":0,"33":0,"34":0},"f":{"0":0,"1":0,"2":0,"3":0,"4":0,"5":0,"6":0,"7":0,"8":0},"b":{"0":[0,0],"1":[0,0],"2":[0,0],"3":[0,0],"4":[0,0]}}
,"/Users/joezeiad/Desktop/Workspace/BloomPin/features/lockScreen/LockStyled.ts": {"path":"/Users/joezeiad/Desktop/Workspace/BloomPin/features/lockScreen/LockStyled.ts","statementMap":{"0":{"start":{"line":4,"column":29},"end":{"line":8,"column":1}},"1":{"start":{"line":9,"column":32},"end":{"line":13,"column":1}},"2":{"start":{"line":14,"column":31},"end":{"line":23,"column":1}},"3":{"start":{"line":19,"column":35},"end":{"line":19,"column":57}}},"fnMap":{"0":{"name":"(anonymous_0)","decl":{"start":{"line":19,"column":25},"end":{"line":19,"column":26}},"loc":{"start":{"line":19,"column":35},"end":{"line":19,"column":57}},"line":19}},"branchMap":{"0":{"loc":{"start":{"line":19,"column":35},"end":{"line":19,"column":57}},"type":"cond-expr","locations":[{"start":{"line":19,"column":52},"end":{"line":19,"column":53}},{"start":{"line":19,"column":56},"end":{"line":19,"column":57}}],"line":19}},"s":{"0":0,"1":0,"2":0,"3":0},"f":{"0":0},"b":{"0":[0,0]}}
,"/Users/joezeiad/Desktop/Workspace/BloomPin/features/lockScreen/NumnersList.ts": {"path":"/Users/joezeiad/Desktop/Workspace/BloomPin/features/lockScreen/NumnersList.ts","statementMap":{"0":{"start":{"line":1,"column":23},"end":{"line":12,"column":1}}},"fnMap":{},"branchMap":{},"s":{"0":0},"f":{},"b":{}}
,"/Users/joezeiad/Desktop/Workspace/BloomPin/localization/appStructure.ts": {"path":"/Users/joezeiad/Desktop/Workspace/BloomPin/localization/appStructure.ts","statementMap":{"0":{"start":{"line":13,"column":22},"end":{"line":17,"column":1}}},"fnMap":{},"branchMap":{},"s":{"0":0},"f":{},"b":{}}
,"/Users/joezeiad/Desktop/Workspace/BloomPin/localization/en.ts": {"path":"/Users/joezeiad/Desktop/Workspace/BloomPin/localization/en.ts","statementMap":{"0":{"start":{"line":3,"column":23},"end":{"line":5,"column":1}}},"fnMap":{},"branchMap":{},"s":{"0":0},"f":{},"b":{}}
,"/Users/joezeiad/Desktop/Workspace/BloomPin/localization/index.ts": {"path":"/Users/joezeiad/Desktop/Workspace/BloomPin/localization/index.ts","statementMap":{},"fnMap":{},"branchMap":{},"s":{},"f":{},"b":{}}
,"/Users/joezeiad/Desktop/Workspace/BloomPin/localization/translate.ts": {"path":"/Users/joezeiad/Desktop/Workspace/BloomPin/localization/translate.ts","statementMap":{"0":{"start":{"line":6,"column":25},"end":{"line":6,"column":53}},"1":{"start":{"line":6,"column":42},"end":{"line":6,"column":53}},"2":{"start":{"line":8,"column":18},"end":{"line":11,"column":1}},"3":{"start":{"line":10,"column":2},"end":{"line":10,"column":41}},"4":{"start":{"line":12,"column":29},"end":{"line":16,"column":1}},"5":{"start":{"line":13,"column":2},"end":{"line":13,"column":38}},"6":{"start":{"line":14,"column":2},"end":{"line":14,"column":24}},"7":{"start":{"line":15,"column":2},"end":{"line":15,"column":28}}},"fnMap":{"0":{"name":"(anonymous_0)","decl":{"start":{"line":6,"column":25},"end":{"line":6,"column":26}},"loc":{"start":{"line":6,"column":42},"end":{"line":6,"column":53}},"line":6},"1":{"name":"(anonymous_1)","decl":{"start":{"line":8,"column":18},"end":{"line":8,"column":19}},"loc":{"start":{"line":8,"column":24},"end":{"line":11,"column":1}},"line":8},"2":{"name":"(anonymous_2)","decl":{"start":{"line":12,"column":29},"end":{"line":12,"column":30}},"loc":{"start":{"line":12,"column":35},"end":{"line":16,"column":1}},"line":12}},"branchMap":{},"s":{"0":0,"1":0,"2":0,"3":0,"4":0,"5":0,"6":0,"7":0},"f":{"0":0,"1":0,"2":0},"b":{}}
,"/Users/joezeiad/Desktop/Workspace/BloomPin/navigation/AuthStack.tsx": {"path":"/Users/joezeiad/Desktop/Workspace/BloomPin/navigation/AuthStack.tsx","statementMap":{"0":{"start":{"line":6,"column":13},"end":{"line":6,"column":61}},"1":{"start":{"line":9,"column":2},"end":{"line":13,"column":4}}},"fnMap":{"0":{"name":"AuthStack","decl":{"start":{"line":8,"column":9},"end":{"line":8,"column":18}},"loc":{"start":{"line":8,"column":21},"end":{"line":14,"column":1}},"line":8}},"branchMap":{},"s":{"0":0,"1":0},"f":{"0":0},"b":{}}
,"/Users/joezeiad/Desktop/Workspace/BloomPin/navigation/HomeStack.tsx": {"path":"/Users/joezeiad/Desktop/Workspace/BloomPin/navigation/HomeStack.tsx","statementMap":{"0":{"start":{"line":7,"column":14},"end":{"line":7,"column":62}},"1":{"start":{"line":10,"column":33},"end":{"line":10,"column":51}},"2":{"start":{"line":11,"column":2},"end":{"line":27,"column":4}}},"fnMap":{"0":{"name":"HomeStack","decl":{"start":{"line":9,"column":9},"end":{"line":9,"column":18}},"loc":{"start":{"line":9,"column":21},"end":{"line":28,"column":1}},"line":9}},"branchMap":{"0":{"loc":{"start":{"line":13,"column":7},"end":{"line":25,"column":7}},"type":"binary-expr","locations":[{"start":{"line":13,"column":7},"end":{"line":13,"column":20}},{"start":{"line":14,"column":8},"end":{"line":24,"column":26}}],"line":13},"1":{"loc":{"start":{"line":15,"column":11},"end":{"line":23,"column":11}},"type":"cond-expr","locations":[{"start":{"line":16,"column":12},"end":{"line":20,"column":14}},{"start":{"line":22,"column":12},"end":{"line":22,"column":96}}],"line":15},"2":{"loc":{"start":{"line":19,"column":70},"end":{"line":19,"column":92}},"type":"cond-expr","locations":[{"start":{"line":19,"column":78},"end":{"line":19,"column":83}},{"start":{"line":19,"column":86},"end":{"line":19,"column":92}}],"line":19}},"s":{"0":0,"1":0,"2":0},"f":{"0":0},"b":{"0":[0,0],"1":[0,0],"2":[0,0]}}
,"/Users/joezeiad/Desktop/Workspace/BloomPin/navigation/index.tsx": {"path":"/Users/joezeiad/Desktop/Workspace/BloomPin/navigation/index.tsx","statementMap":{"0":{"start":{"line":6,"column":36},"end":{"line":12,"column":1}},"1":{"start":{"line":7,"column":2},"end":{"line":11,"column":4}}},"fnMap":{"0":{"name":"(anonymous_0)","decl":{"start":{"line":6,"column":36},"end":{"line":6,"column":37}},"loc":{"start":{"line":6,"column":42},"end":{"line":12,"column":1}},"line":6}},"branchMap":{},"s":{"0":0,"1":0},"f":{"0":0},"b":{}}
,"/Users/joezeiad/Desktop/Workspace/BloomPin/services/apis/OauthService.ts": {"path":"/Users/joezeiad/Desktop/Workspace/BloomPin/services/apis/OauthService.ts","statementMap":{"0":{"start":{"line":4,"column":21},"end":{"line":34,"column":4}},"1":{"start":{"line":6,"column":4},"end":{"line":13,"column":7}},"2":{"start":{"line":7,"column":6},"end":{"line":12,"column":7}},"3":{"start":{"line":8,"column":8},"end":{"line":8,"column":53}},"4":{"start":{"line":9,"column":8},"end":{"line":9,"column":24}},"5":{"start":{"line":11,"column":8},"end":{"line":11,"column":39}},"6":{"start":{"line":16,"column":24},"end":{"line":16,"column":66}},"7":{"start":{"line":17,"column":4},"end":{"line":28,"column":5}},"8":{"start":{"line":18,"column":6},"end":{"line":27,"column":11}},"9":{"start":{"line":21,"column":10},"end":{"line":26,"column":11}},"10":{"start":{"line":22,"column":12},"end":{"line":22,"column":51}},"11":{"start":{"line":23,"column":12},"end":{"line":23,"column":24}},"12":{"start":{"line":25,"column":12},"end":{"line":25,"column":48}},"13":{"start":{"line":30,"column":2},"end":{"line":33,"column":4}}},"fnMap":{"0":{"name":"(anonymous_0)","decl":{"start":{"line":4,"column":22},"end":{"line":4,"column":23}},"loc":{"start":{"line":4,"column":34},"end":{"line":34,"column":1}},"line":4},"1":{"name":"login","decl":{"start":{"line":5,"column":17},"end":{"line":5,"column":22}},"loc":{"start":{"line":5,"column":36},"end":{"line":14,"column":3}},"line":5},"2":{"name":"(anonymous_2)","decl":{"start":{"line":6,"column":66},"end":{"line":6,"column":67}},"loc":{"start":{"line":6,"column":79},"end":{"line":13,"column":5}},"line":6},"3":{"name":"logout","decl":{"start":{"line":15,"column":17},"end":{"line":15,"column":23}},"loc":{"start":{"line":15,"column":26},"end":{"line":29,"column":3}},"line":15},"4":{"name":"(anonymous_4)","decl":{"start":{"line":20,"column":14},"end":{"line":20,"column":15}},"loc":{"start":{"line":20,"column":27},"end":{"line":27,"column":9}},"line":20}},"branchMap":{"0":{"loc":{"start":{"line":7,"column":6},"end":{"line":12,"column":7}},"type":"if","locations":[{"start":{"line":7,"column":6},"end":{"line":12,"column":7}},{"start":{"line":10,"column":13},"end":{"line":12,"column":7}}],"line":7},"1":{"loc":{"start":{"line":7,"column":10},"end":{"line":7,"column":43}},"type":"binary-expr","locations":[{"start":{"line":7,"column":10},"end":{"line":7,"column":13}},{"start":{"line":7,"column":17},"end":{"line":7,"column":25}},{"start":{"line":7,"column":29},"end":{"line":7,"column":43}}],"line":7},"2":{"loc":{"start":{"line":17,"column":4},"end":{"line":28,"column":5}},"type":"if","locations":[{"start":{"line":17,"column":4},"end":{"line":28,"column":5}},{"start":{},"end":{}}],"line":17},"3":{"loc":{"start":{"line":21,"column":10},"end":{"line":26,"column":11}},"type":"if","locations":[{"start":{"line":21,"column":10},"end":{"line":26,"column":11}},{"start":{"line":24,"column":17},"end":{"line":26,"column":11}}],"line":21},"4":{"loc":{"start":{"line":21,"column":15},"end":{"line":21,"column":30}},"type":"binary-expr","locations":[{"start":{"line":21,"column":15},"end":{"line":21,"column":18}},{"start":{"line":21,"column":22},"end":{"line":21,"column":30}}],"line":21}},"s":{"0":0,"1":0,"2":0,"3":0,"4":0,"5":0,"6":0,"7":0,"8":0,"9":0,"10":0,"11":0,"12":0,"13":0},"f":{"0":0,"1":0,"2":0,"3":0,"4":0},"b":{"0":[0,0],"1":[0,0,0],"2":[0,0],"3":[0,0],"4":[0,0]}}
,"/Users/joezeiad/Desktop/Workspace/BloomPin/services/apis/localStorageService.ts": {"path":"/Users/joezeiad/Desktop/Workspace/BloomPin/services/apis/localStorageService.ts","statementMap":{"0":{"start":{"line":3,"column":33},"end":{"line":37,"column":4}},"1":{"start":{"line":5,"column":4},"end":{"line":11,"column":5}},"2":{"start":{"line":6,"column":6},"end":{"line":6,"column":58}},"3":{"start":{"line":7,"column":6},"end":{"line":7,"column":18}},"4":{"start":{"line":9,"column":6},"end":{"line":9,"column":21}},"5":{"start":{"line":10,"column":6},"end":{"line":10,"column":19}},"6":{"start":{"line":15,"column":4},"end":{"line":20,"column":5}},"7":{"start":{"line":16,"column":6},"end":{"line":16,"column":49}},"8":{"start":{"line":18,"column":6},"end":{"line":18,"column":21}},"9":{"start":{"line":19,"column":6},"end":{"line":19,"column":18}},"10":{"start":{"line":24,"column":4},"end":{"line":29,"column":5}},"11":{"start":{"line":25,"column":6},"end":{"line":25,"column":45}},"12":{"start":{"line":26,"column":6},"end":{"line":26,"column":53}},"13":{"start":{"line":28,"column":6},"end":{"line":28,"column":21}},"14":{"start":{"line":32,"column":2},"end":{"line":36,"column":4}}},"fnMap":{"0":{"name":"(anonymous_0)","decl":{"start":{"line":3,"column":34},"end":{"line":3,"column":35}},"loc":{"start":{"line":3,"column":46},"end":{"line":37,"column":1}},"line":3},"1":{"name":"setToken","decl":{"start":{"line":4,"column":17},"end":{"line":4,"column":25}},"loc":{"start":{"line":4,"column":78},"end":{"line":12,"column":3}},"line":4},"2":{"name":"getAccessToken","decl":{"start":{"line":14,"column":17},"end":{"line":14,"column":31}},"loc":{"start":{"line":14,"column":34},"end":{"line":21,"column":3}},"line":14},"3":{"name":"clearToken","decl":{"start":{"line":23,"column":17},"end":{"line":23,"column":27}},"loc":{"start":{"line":23,"column":30},"end":{"line":30,"column":3}},"line":23}},"branchMap":{},"s":{"0":0,"1":0,"2":0,"3":0,"4":0,"5":0,"6":0,"7":0,"8":0,"9":0,"10":0,"11":0,"12":0,"13":0,"14":0},"f":{"0":0,"1":0,"2":0,"3":0},"b":{}}
,"/Users/joezeiad/Desktop/Workspace/BloomPin/services/context/AuthProvider.tsx": {"path":"/Users/joezeiad/Desktop/Workspace/BloomPin/services/context/AuthProvider.tsx","statementMap":{"0":{"start":{"line":12,"column":21},"end":{"line":15,"column":1}},"1":{"start":{"line":18,"column":2},"end":{"line":37,"column":3}},"2":{"start":{"line":20,"column":6},"end":{"line":24,"column":8}},"3":{"start":{"line":26,"column":6},"end":{"line":30,"column":8}},"4":{"start":{"line":32,"column":6},"end":{"line":36,"column":8}},"5":{"start":{"line":40,"column":20},"end":{"line":46,"column":21}},"6":{"start":{"line":48,"column":32},"end":{"line":54,"column":1}},"7":{"start":{"line":49,"column":18},"end":{"line":49,"column":47}},"8":{"start":{"line":50,"column":2},"end":{"line":52,"column":3}},"9":{"start":{"line":51,"column":4},"end":{"line":51,"column":29}},"10":{"start":{"line":53,"column":2},"end":{"line":53,"column":17}},"11":{"start":{"line":55,"column":38},"end":{"line":92,"column":1}},"12":{"start":{"line":56,"column":28},"end":{"line":56,"column":61}},"13":{"start":{"line":58,"column":2},"end":{"line":72,"column":9}},"14":{"start":{"line":59,"column":4},"end":{"line":71,"column":9}},"15":{"start":{"line":61,"column":6},"end":{"line":70,"column":7}},"16":{"start":{"line":62,"column":8},"end":{"line":62,"column":63}},"17":{"start":{"line":63,"column":8},"end":{"line":67,"column":9}},"18":{"start":{"line":64,"column":10},"end":{"line":64,"column":63}},"19":{"start":{"line":66,"column":10},"end":{"line":66,"column":41}},"20":{"start":{"line":69,"column":8},"end":{"line":69,"column":39}},"21":{"start":{"line":74,"column":22},"end":{"line":85,"column":3}},"22":{"start":{"line":75,"column":11},"end":{"line":83,"column":5}},"23":{"start":{"line":77,"column":8},"end":{"line":77,"column":44}},"24":{"start":{"line":80,"column":8},"end":{"line":80,"column":41}},"25":{"start":{"line":81,"column":8},"end":{"line":81,"column":39}},"26":{"start":{"line":87,"column":2},"end":{"line":91,"column":4}}},"fnMap":{"0":{"name":"reducer","decl":{"start":{"line":17,"column":9},"end":{"line":17,"column":16}},"loc":{"start":{"line":17,"column":46},"end":{"line":38,"column":1}},"line":17},"1":{"name":"(anonymous_1)","decl":{"start":{"line":43,"column":10},"end":{"line":43,"column":11}},"loc":{"start":{"line":43,"column":16},"end":{"line":43,"column":18}},"line":43},"2":{"name":"(anonymous_2)","decl":{"start":{"line":44,"column":11},"end":{"line":44,"column":12}},"loc":{"start":{"line":44,"column":17},"end":{"line":44,"column":19}},"line":44},"3":{"name":"(anonymous_3)","decl":{"start":{"line":45,"column":12},"end":{"line":45,"column":13}},"loc":{"start":{"line":45,"column":18},"end":{"line":45,"column":20}},"line":45},"4":{"name":"(anonymous_4)","decl":{"start":{"line":48,"column":32},"end":{"line":48,"column":33}},"loc":{"start":{"line":48,"column":38},"end":{"line":54,"column":1}},"line":48},"5":{"name":"(anonymous_5)","decl":{"start":{"line":55,"column":38},"end":{"line":55,"column":39}},"loc":{"start":{"line":55,"column":47},"end":{"line":92,"column":1}},"line":55},"6":{"name":"(anonymous_6)","decl":{"start":{"line":58,"column":12},"end":{"line":58,"column":13}},"loc":{"start":{"line":58,"column":18},"end":{"line":72,"column":3}},"line":58},"7":{"name":"(anonymous_7)","decl":{"start":{"line":59,"column":5},"end":{"line":59,"column":6}},"loc":{"start":{"line":59,"column":17},"end":{"line":71,"column":5}},"line":59},"8":{"name":"(anonymous_8)","decl":{"start":{"line":75,"column":4},"end":{"line":75,"column":5}},"loc":{"start":{"line":75,"column":11},"end":{"line":83,"column":5}},"line":75},"9":{"name":"(anonymous_9)","decl":{"start":{"line":76,"column":14},"end":{"line":76,"column":15}},"loc":{"start":{"line":76,"column":38},"end":{"line":78,"column":7}},"line":76},"10":{"name":"(anonymous_10)","decl":{"start":{"line":79,"column":15},"end":{"line":79,"column":16}},"loc":{"start":{"line":79,"column":21},"end":{"line":82,"column":7}},"line":79}},"branchMap":{"0":{"loc":{"start":{"line":18,"column":2},"end":{"line":37,"column":3}},"type":"switch","locations":[{"start":{"line":19,"column":4},"end":{"line":24,"column":8}},{"start":{"line":25,"column":4},"end":{"line":30,"column":8}},{"start":{"line":31,"column":4},"end":{"line":36,"column":8}}],"line":18},"1":{"loc":{"start":{"line":50,"column":2},"end":{"line":52,"column":3}},"type":"if","locations":[{"start":{"line":50,"column":2},"end":{"line":52,"column":3}},{"start":{},"end":{}}],"line":50},"2":{"loc":{"start":{"line":63,"column":8},"end":{"line":67,"column":9}},"type":"if","locations":[{"start":{"line":63,"column":8},"end":{"line":67,"column":9}},{"start":{"line":65,"column":15},"end":{"line":67,"column":9}}],"line":63}},"s":{"0":0,"1":0,"2":0,"3":0,"4":0,"5":0,"6":0,"7":0,"8":0,"9":0,"10":0,"11":0,"12":0,"13":0,"14":0,"15":0,"16":0,"17":0,"18":0,"19":0,"20":0,"21":0,"22":0,"23":0,"24":0,"25":0,"26":0},"f":{"0":0,"1":0,"2":0,"3":0,"4":0,"5":0,"6":0,"7":0,"8":0,"9":0,"10":0},"b":{"0":[0,0,0],"1":[0,0],"2":[0,0]}}
}
