TN:
SF:.eslintrc.js
FNF:0
FNH:0
DA:1,0
LF:1
LH:0
BRF:0
BRH:0
end_of_record
TN:
SF:App.tsx
FN:9,(anonymous_0)
FNF:1
FNH:0
FNDA:0,(anonymous_0)
DA:9,0
DA:10,0
DA:11,0
LF:3
LH:0
BRF:0
BRH:0
end_of_record
TN:
SF:jest.config.js
FNF:0
FNH:0
DA:1,0
LF:1
LH:0
BRF:0
BRH:0
end_of_record
TN:
SF:types.tsx
FNF:0
FNH:0
LF:0
LH:0
BRF:0
BRH:0
end_of_record
TN:
SF:components/numberPad/NumberPad.tsx
FN:15,(anonymous_0)
FN:19,(anonymous_1)
FN:20,(anonymous_2)
FNF:3
FNH:0
FNDA:0,(anonymous_0)
FNDA:0,(anonymous_1)
FNDA:0,(anonymous_2)
DA:15,0
DA:16,0
DA:20,0
LF:3
LH:0
BRF:0
BRH:0
end_of_record
TN:
SF:components/numberPad/NumberPadStyled.ts
FNF:0
FNH:0
DA:3,0
DA:12,0
DA:16,0
DA:25,0
LF:4
LH:0
BRF:0
BRH:0
end_of_record
TN:
SF:components/shared/index.tsx
FN:11,(anonymous_0)
FN:12,(anonymous_1)
FN:16,(anonymous_2)
FN:18,(anonymous_3)
FN:26,(anonymous_4)
FN:34,(anonymous_5)
FN:41,(anonymous_6)
FNF:7
FNH:0
FNDA:0,(anonymous_0)
FNDA:0,(anonymous_1)
FNDA:0,(anonymous_2)
FNDA:0,(anonymous_3)
FNDA:0,(anonymous_4)
FNDA:0,(anonymous_5)
FNDA:0,(anonymous_6)
DA:8,0
DA:11,0
DA:12,0
DA:15,0
DA:16,0
DA:18,0
DA:20,0
DA:26,0
DA:27,0
DA:34,0
DA:41,0
DA:42,0
LF:12
LH:0
BRDA:11,0,0,0
BRDA:11,0,1,0
BRDA:12,1,0,0
BRDA:12,1,1,0
BRDA:16,2,0,0
BRDA:16,2,1,0
BRDA:18,3,0,0
BRDA:18,3,1,0
BRF:8
BRH:0
end_of_record
TN:
SF:constants/Colors.ts
FNF:0
FNH:0
LF:0
LH:0
BRF:0
BRH:0
end_of_record
TN:
SF:constants/Layout.ts
FNF:0
FNH:0
DA:3,0
DA:4,0
LF:2
LH:0
BRF:0
BRH:0
end_of_record
TN:
SF:features/index.tsx
FNF:0
FNH:0
LF:0
LH:0
BRF:0
BRH:0
end_of_record
TN:
SF:features/home/LogoutScreen.tsx
FN:7,(anonymous_0)
FN:9,(anonymous_1)
FN:11,(anonymous_2)
FNF:3
FNH:0
FNDA:0,(anonymous_0)
FNDA:0,(anonymous_1)
FNDA:0,(anonymous_2)
DA:7,0
DA:8,0
DA:9,0
DA:11,0
DA:12,0
DA:13,0
DA:16,0
LF:7
LH:0
BRF:0
BRH:0
end_of_record
TN:
SF:features/home/LogoutStyled.tsx
FNF:0
FNH:0
DA:3,0
DA:8,0
DA:11,0
LF:3
LH:0
BRF:0
BRH:0
end_of_record
TN:
SF:features/lockScreen/LockScreen.tsx
FN:13,(anonymous_0)
FN:18,(anonymous_1)
FN:22,(anonymous_2)
FN:32,(anonymous_3)
FN:33,(anonymous_4)
FN:45,(anonymous_5)
FN:61,(anonymous_6)
FN:69,(anonymous_7)
FN:75,(anonymous_8)
FNF:9
FNH:0
FNDA:0,(anonymous_0)
FNDA:0,(anonymous_1)
FNDA:0,(anonymous_2)
FNDA:0,(anonymous_3)
FNDA:0,(anonymous_4)
FNDA:0,(anonymous_5)
FNDA:0,(anonymous_6)
FNDA:0,(anonymous_7)
FNDA:0,(anonymous_8)
DA:13,0
DA:14,0
DA:15,0
DA:16,0
DA:18,0
DA:19,0
DA:22,0
DA:23,0
DA:24,0
DA:25,0
DA:26,0
DA:27,0
DA:29,0
DA:32,0
DA:33,0
DA:34,0
DA:35,0
DA:36,0
DA:39,0
DA:40,0
DA:45,0
DA:46,0
DA:47,0
DA:48,0
DA:49,0
DA:50,0
DA:52,0
DA:55,0
DA:57,0
DA:62,0
DA:70,0
DA:71,0
DA:73,0
DA:76,0
LF:34
LH:0
BRDA:24,0,0,0
BRDA:24,0,1,0
BRDA:35,1,0,0
BRDA:35,1,1,0
BRDA:48,2,0,0
BRDA:48,2,1,0
BRDA:70,3,0,0
BRDA:70,3,1,0
BRDA:76,4,0,0
BRDA:76,4,1,0
BRF:10
BRH:0
end_of_record
TN:
SF:features/lockScreen/LockStyled.ts
FN:19,(anonymous_0)
FNF:1
FNH:0
FNDA:0,(anonymous_0)
DA:4,0
DA:9,0
DA:14,0
DA:19,0
LF:4
LH:0
BRDA:19,0,0,0
BRDA:19,0,1,0
BRF:2
BRH:0
end_of_record
TN:
SF:features/lockScreen/NumnersList.ts
FNF:0
FNH:0
DA:1,0
LF:1
LH:0
BRF:0
BRH:0
end_of_record
TN:
SF:localization/appStructure.ts
FNF:0
FNH:0
DA:13,0
LF:1
LH:0
BRF:0
BRH:0
end_of_record
TN:
SF:localization/en.ts
FNF:0
FNH:0
DA:3,0
LF:1
LH:0
BRF:0
BRH:0
end_of_record
TN:
SF:localization/index.ts
FNF:0
FNH:0
LF:0
LH:0
BRF:0
BRH:0
end_of_record
TN:
SF:localization/translate.ts
FN:6,(anonymous_0)
FN:8,(anonymous_1)
FN:12,(anonymous_2)
FNF:3
FNH:0
FNDA:0,(anonymous_0)
FNDA:0,(anonymous_1)
FNDA:0,(anonymous_2)
DA:6,0
DA:8,0
DA:10,0
DA:12,0
DA:13,0
DA:14,0
DA:15,0
LF:7
LH:0
BRF:0
BRH:0
end_of_record
TN:
SF:navigation/AuthStack.tsx
FN:8,AuthStack
FNF:1
FNH:0
FNDA:0,AuthStack
DA:6,0
DA:9,0
LF:2
LH:0
BRF:0
BRH:0
end_of_record
TN:
SF:navigation/HomeStack.tsx
FN:9,HomeStack
FNF:1
FNH:0
FNDA:0,HomeStack
DA:7,0
DA:10,0
DA:11,0
LF:3
LH:0
BRDA:13,0,0,0
BRDA:13,0,1,0
BRDA:15,1,0,0
BRDA:15,1,1,0
BRDA:19,2,0,0
BRDA:19,2,1,0
BRF:6
BRH:0
end_of_record
TN:
SF:navigation/index.tsx
FN:6,(anonymous_0)
FNF:1
FNH:0
FNDA:0,(anonymous_0)
DA:6,0
DA:7,0
LF:2
LH:0
BRF:0
BRH:0
end_of_record
TN:
SF:services/apis/OauthService.ts
FN:4,(anonymous_0)
FN:5,login
FN:6,(anonymous_2)
FN:15,logout
FN:20,(anonymous_4)
FNF:5
FNH:0
FNDA:0,(anonymous_0)
FNDA:0,login
FNDA:0,(anonymous_2)
FNDA:0,logout
FNDA:0,(anonymous_4)
DA:4,0
DA:6,0
DA:7,0
DA:8,0
DA:9,0
DA:11,0
DA:16,0
DA:17,0
DA:18,0
DA:21,0
DA:22,0
DA:23,0
DA:25,0
DA:30,0
LF:14
LH:0
BRDA:7,0,0,0
BRDA:7,0,1,0
BRDA:7,1,0,0
BRDA:7,1,1,0
BRDA:7,1,2,0
BRDA:17,2,0,0
BRDA:17,2,1,0
BRDA:21,3,0,0
BRDA:21,3,1,0
BRDA:21,4,0,0
BRDA:21,4,1,0
BRF:11
BRH:0
end_of_record
TN:
SF:services/apis/localStorageService.ts
FN:3,(anonymous_0)
FN:4,setToken
FN:14,getAccessToken
FN:23,clearToken
FNF:4
FNH:0
FNDA:0,(anonymous_0)
FNDA:0,setToken
FNDA:0,getAccessToken
FNDA:0,clearToken
DA:3,0
DA:5,0
DA:6,0
DA:7,0
DA:9,0
DA:10,0
DA:15,0
DA:16,0
DA:18,0
DA:19,0
DA:24,0
DA:25,0
DA:26,0
DA:28,0
DA:32,0
LF:15
LH:0
BRF:0
BRH:0
end_of_record
TN:
SF:services/context/AuthProvider.tsx
FN:17,reducer
FN:43,(anonymous_1)
FN:44,(anonymous_2)
FN:45,(anonymous_3)
FN:48,(anonymous_4)
FN:55,(anonymous_5)
FN:58,(anonymous_6)
FN:59,(anonymous_7)
FN:75,(anonymous_8)
FN:76,(anonymous_9)
FN:79,(anonymous_10)
FNF:11
FNH:0
FNDA:0,reducer
FNDA:0,(anonymous_1)
FNDA:0,(anonymous_2)
FNDA:0,(anonymous_3)
FNDA:0,(anonymous_4)
FNDA:0,(anonymous_5)
FNDA:0,(anonymous_6)
FNDA:0,(anonymous_7)
FNDA:0,(anonymous_8)
FNDA:0,(anonymous_9)
FNDA:0,(anonymous_10)
DA:12,0
DA:18,0
DA:20,0
DA:26,0
DA:32,0
DA:40,0
DA:48,0
DA:49,0
DA:50,0
DA:51,0
DA:53,0
DA:55,0
DA:56,0
DA:58,0
DA:59,0
DA:61,0
DA:62,0
DA:63,0
DA:64,0
DA:66,0
DA:69,0
DA:74,0
DA:75,0
DA:77,0
DA:80,0
DA:81,0
DA:87,0
LF:27
LH:0
BRDA:18,0,0,0
BRDA:18,0,1,0
BRDA:18,0,2,0
BRDA:50,1,0,0
BRDA:50,1,1,0
BRDA:63,2,0,0
BRDA:63,2,1,0
BRF:7
BRH:0
end_of_record
